{"name": "test_failure", "status": "failed", "statusDetails": {"message": "AssertionError: assert False", "trace": "def test_failure():\n        \"\"\"this test fails\"\"\"\n>       assert False\nE       assert False\n\n..\\..\\..\\Desktop\\GIT\\my_git_python\\my_python_project\\my_test\\my_1_basicsteps_test.py:10: AssertionError"}, "description": "this test fails", "start": 1538555767578, "stop": 1538555767581, "uuid": "d3a8618c-4f7a-4e3e-b4b6-579be6f43c96", "historyId": "0803e795f429747d9f1a92fa28ece1b9", "fullName": "Desktop.GIT.my_git_python.my_python_project.my_test.my_1_basicsteps_test#test_failure", "labels": [{"name": "parentSuite", "value": "Desktop.GIT.my_git_python.my_python_project.my_test"}, {"name": "suite", "value": "my_1_basicsteps_test"}, {"name": "host", "value": "LAPTOP-F63N1711"}, {"name": "thread", "value": "1348-MainThread"}, {"name": "framework", "value": "pytest"}, {"name": "language", "value": "cpython3"}, {"name": "package", "value": "Desktop.GIT.my_git_python.my_python_project.my_test.my_1_basicsteps_test"}]}